2024-12-05 01:21:51,804 - INFO - 程序启动
2024-12-05 01:21:51,881 - INFO - 数据库表结构初始化成功
2024-12-05 01:27:12,032 - INFO - 程序启动
2024-12-05 01:28:01,775 - INFO - 程序启动
2024-12-05 01:29:07,845 - INFO - 程序启动
2024-12-05 01:29:34,933 - INFO - 程序启动
2024-12-05 01:30:09,067 - INFO - 程序启动
2024-12-05 08:26:53,024 - INFO - 程序启动
2024-12-05 08:26:53,174 - INFO - 数据库表结构初始化成功
2024-12-05 08:28:40,706 - INFO - 程序启动
2024-12-05 08:28:40,783 - INFO - 数据库表结构初始化成功
2024-12-05 08:29:10,536 - INFO - Cookie已成功保存到数据库
2024-12-05 08:29:14,980 - INFO - Cookie已成功保存到数据库
2024-12-05 08:29:19,269 - INFO - Cookie已成功保存到数据库
2024-12-05 08:29:51,768 - INFO - 程序启动
2024-12-05 08:29:51,849 - INFO - 数据库表结构初始化成功
2024-12-05 08:29:53,317 - INFO - 程序启动
2024-12-05 08:29:53,395 - INFO - 数据库表结构初始化成功
2024-12-05 08:30:03,645 - INFO - 程序启动
2024-12-05 08:30:03,728 - INFO - 数据库表结构初始化成功
2024-12-05 08:30:19,909 - INFO - Cookie已成功保存到数据库
2024-12-05 08:30:32,574 - INFO - 正在爬取第 1 页评论...
2024-12-05 08:30:37,558 - INFO - 正在爬取第 2 页评论...
2024-12-05 08:34:05,760 - INFO - 程序启动
2024-12-05 08:34:05,838 - INFO - 数据库表结构初始化成功
2024-12-05 08:34:24,813 - INFO - Cookie已成功保存到数据库
2024-12-05 08:34:37,667 - INFO - 正在爬取第 1 页评论...
2024-12-05 08:34:42,891 - INFO - 正在爬取第 2 页评论...
2024-12-05 08:35:23,931 - INFO - 正在爬取第 1 页评论...
2024-12-05 08:35:30,444 - INFO - 正在爬取第 2 页评论...
2024-12-05 08:37:57,707 - INFO - 程序启动
2024-12-05 08:37:57,789 - INFO - 数据库表结构初始化成功
2024-12-05 08:38:45,686 - INFO - 程序启动
2024-12-05 08:38:45,722 - ERROR - 程序启动失败: 'MainWindow' object has no attribute 'init_backend'
2024-12-05 08:41:23,095 - INFO - 程序启动
2024-12-05 08:41:23,171 - INFO - 数据库表结构初始化成功
2024-12-05 08:41:35,245 - INFO - Cookie已成功保存到数据库
2024-12-05 08:41:38,465 - INFO - 程序启动
2024-12-05 08:41:38,540 - INFO - 数据库表结构初始化成功
2024-12-05 08:42:44,604 - INFO - 程序启动
2024-12-05 08:42:44,700 - INFO - 数据库表结构初始化成功
2024-12-05 08:43:16,446 - INFO - 程序启动
2024-12-05 08:43:16,523 - INFO - 数据库表结构初始化成功
2024-12-05 08:43:16,539 - INFO - 数据库中未找到有效的Cookie
2024-12-05 08:43:28,216 - INFO - Cookie已成功保存到数据库
2024-12-05 08:43:34,432 - INFO - 程序启动
2024-12-05 08:43:34,806 - INFO - 数据库表结构初始化成功
2024-12-05 08:43:34,822 - INFO - 数据库中未找到有效的Cookie
2024-12-05 08:43:41,802 - INFO - 程序启动
2024-12-05 08:43:41,864 - INFO - 数据库表结构初始化成功
2024-12-05 08:43:41,880 - INFO - 数据库中未找到有效的Cookie
2024-12-05 08:43:46,859 - INFO - Cookie已成功保存到数据库
2024-12-05 08:43:50,238 - INFO - 程序启动
2024-12-05 08:43:50,314 - INFO - 数据库表结构初始化成功
2024-12-05 08:43:50,330 - INFO - 数据库中未找到有效的Cookie
2024-12-05 08:45:34,398 - INFO - 程序启动
2024-12-05 08:45:34,441 - INFO - 数据库表结构初始化成功
2024-12-05 08:45:34,457 - INFO - 数据库中未找到有效的Cookie
2024-12-05 08:45:45,127 - INFO - Cookie已成功保存到数据库
2024-12-05 08:45:47,983 - INFO - 程序启动
2024-12-05 08:45:48,020 - INFO - 数据库表结构初始化成功
2024-12-05 08:45:48,036 - INFO - 找到Cookie记录，创建时间: 2024-12-05 08:45:45
2024-12-05 08:45:48,040 - INFO - 成功获取有效的Cookie
2024-12-05 08:46:00,106 - INFO - 正在爬取第 1 页评论...
2024-12-05 08:46:04,326 - INFO - 正在爬取第 2 页评论...
2024-12-05 08:46:07,011 - INFO - 查询成功，找到 5 条记录
2024-12-05 08:49:59,135 - INFO - 程序启动
2024-12-05 08:49:59,174 - INFO - 数据库表结构初始化成功
2024-12-05 08:49:59,192 - ERROR - 程序启动失败: 'MainWindow' object has no attribute 'start_crawl'
